keypad                                                                                                                  PAGE 1
                         1     init_keypad:
  0021                   2             last    EQU     0x21
0000 7521FF              3             MOV     last,   #0FFH
0003 22                  4             RET
                         5
                         6     ;--------------------------------------------------------------------------
                         7     ; Reads the keypad until a button is pressed
                         8     ; Output:
                         9     ;       A: The value of the pressed button
                        10     ; Values:
                        11     ; 00 - 09 -> Numeric vallues 0-9
                        12     ; 10 | 0001 0000 -> A
                        13     ; 20 | 0010 0000 -> B
                        14     ; 40 | 0100 0000 -> C
                        15     ; 80 | 1000 0000 -> D
                        16     ; F0 | 1111 0000 -> #
                        17     ;--------------------------------------------------------------------------
                        18     read_keypad:
                        19             ; Setup
0004 7590FF             20             MOV     P1,     #0FFH
  0022                  21             mask    EQU     0x22
  0023                  22             i       EQU     0x23
0007 752304             23             MOV     i,      #4d
000A 7522FE             24             MOV     mask,   #11111110b
                        25             ; Loop i times
                        26     keypad_line_loop:
000D 852290             27             MOV     P1,     mask
                        28
                        29             ; Check wether a key in this line is pressed
0010 E590               30             MOV     A,      P1
0012 54F0               31             ANL     A,      #0F0H
0014 B4F00D             32             CJNE    A, #0F0h, keypad_map_value ; Found a pressed key
                        33
                        34             ; Shift mask one to the left (read next line)
0017 E522               35             MOV     A,      mask
0019 23                 36             RL      A
001A F522               37             MOV     mask,   A
                        38
                        39             ; Decrement loop counter
001C D523EE             40             DJNZ    i,      keypad_line_loop
                        41             ; No key pressed in this iteration
001F 7521FF             42             MOV     last,   #0FFH
0022 80E0               43             JMP     read_keypad ; Read again
                        44     keypad_map_value:
0024 E590               45             MOV     A,      P1
0026 12002F             46             CALL    map_value ; A contains the mapped value now
0029 B52102             47             CJNE    A, last, keypad_return ; Read the same value as last time (no change)
002C 80D6               48             JMP     read_keypad
                        49     keypad_return:
002E 22                 50             RET ; A is a new value, return
                        51
                        52     ;--------------------------------------------------------------------------
                        53     ; Maps value of A to another value listed in "map_table"
                        54     ; input:
                        55     ;       A: The value to map
                        56     ; output:
                        57     ;       A: The mapped value
                        58     ;--------------------------------------------------------------------------
                        59     map_value:
002F 900034             60             MOV     DPTR,   #map_table      ; point DPTR at start of table
                        61             ; A already contains your input byte
0032 93                 62             MOVC    A,      @A+DPTR        ; A := map_table[A]
0033 22                 63             RET
                        64
                        65
                        66     ;--------------------------------------------------------------------------
                        67     ; 256-byte mapping table in code memory
                        68     ; index = input value in A
                        69     ; value = mapped output
                        70     ;--------------------------------------------------------------------------
                        71     map_table:
0034 FFFFFFFFFF         72             DB 0FFh, 0FFh, 0FFh, 0FFh, 0FFh, 0FFh, 0FFh, 0FFh, 0FFh, 0FFh, 0FFh, 0FFh, 0FFh, 0FFh, 0FFh,
     FFFFFFFFFF
     FFFFFFFFFF
     FF
0044 FFFFFFFFFF         73             DB 0FFh, 0FFh, 0FFh, 0FFh, 0FFh, 0FFh, 0FFh, 0FFh, 0FFh, 0FFh, 0FFh, 0FFh, 0FFh, 0FFh, 0FFh,
     FFFFFFFFFF
     FFFFFFFFFF
     FF
0054 FFFFFFFFFF         74             DB 0FFh, 0FFh, 0FFh, 0FFh, 0FFh, 0FFh, 0FFh, 0FFh, 0FFh, 0FFh, 0FFh, 0FFh, 0FFh, 0FFh, 0FFh,
     FFFFFFFFFF
     FFFFFFFFFF
     FF
0064 FFFFFFFFFF         75             DB 0FFh, 0FFh, 0FFh, 0FFh, 0FFh, 0FFh, 0FFh, 0FFh, 0FFh, 0FFh, 0FFh, 0FFh, 0FFh, 0FFh, 0FFh,
     FFFFFFFFFF
     FFFFFFFFFF
     FF
0074 FFFFFFFFFF         76             DB 0FFh, 0FFh, 0FFh, 0FFh, 0FFh, 0FFh, 0FFh, 0FFh, 0FFh, 0FFh, 0FFh, 0FFh, 0FFh, 0FFh, 0FFh,
     FFFFFFFFFF
     FFFFFFFFFF
     FF
0084 FFFFFFFFFF         77             DB 0FFh, 0FFh, 0FFh, 0FFh, 0FFh, 0FFh, 0FFh, 0FFh, 0FFh, 0FFh, 0FFh, 0FFh, 0FFh, 0FFh, 0FFh,
     FFFFFFFFFF
     FFFFFFFFFF
     FF
0094 FFFFFFFFFF         78             DB 0FFh, 0FFh, 0FFh, 0FFh, 0FFh, 0FFh, 0FFh, 0FFh, 0FFh, 0FFh, 0FFh, 0FFh, 0FFh, 0FFh, 0FFh,
     FFFFFFFFFF
     FFFFFFFFFF
     FF
00A4 FFFFFFFFFF         79             DB 0FFh, 0FFh, 0FFh, 0FFh, 0FFh, 0FFh, 0FFh, 80h,  0FFh, 0FFh, 0FFh, 40h,  0FFh, 20h,  10h,
     FFFF80FFFF
     FF40FF2010
     FF
00B4 FFFFFFFFFF         80             DB 0FFh, 0FFh, 0FFh, 0FFh, 0FFh, 0FFh, 0FFh, 0FFh, 0FFh, 0FFh, 0FFh, 0FFh, 0FFh, 0FFh, 0FFh,
     FFFFFFFFFF
     FFFFFFFFFF
     FF
00C4 FFFFFFFFFF         81             DB 0FFh, 0FFh, 0FFh, 0FFh, 0FFh, 0FFh, 0FFh, 0FFh, 0FFh, 0FFh, 0FFh, 0FFh, 0FFh, 0FFh, 0FFh,
     FFFFFFFFFF
     FFFFFFFFFF
     FF
00D4 FFFFFFFFFF         82             DB 0FFh, 0FFh, 0FFh, 0FFh, 0FFh, 0FFh, 0FFh, 0FFh, 0FFh, 0FFh, 0FFh, 0FFh, 0FFh, 0FFh, 0FFh,
     FFFFFFFFFF
     FFFFFFFFFF
     FF
00E4 FFFFFFFFFF         83             DB 0FFh, 0FFh, 0FFh, 0FFh, 0FFh, 0FFh, 0FFh, 0F0h, 0FFh, 0FFh, 0FFh, 09h,  0FFh, 06h,  03h,
     FFFFF0FFFF
     FF09FF0603
     FF
00F4 FFFFFFFFFF         84             DB 0FFh, 0FFh, 0FFh, 0FFh, 0FFh, 0FFh, 0FFh, 0FFh, 0FFh, 0FFh, 0FFh, 0FFh, 0FFh, 0FFh, 0FFh,
     FFFFFFFFFF
     FFFFFFFFFF
     FF
0104 FFFFFFFFFF         85             DB 0FFh, 0FFh, 0FFh, 0FFh, 0FFh, 0FFh, 0FFh, 00h,  0FFh, 0FFh, 0FFh, 08h,  0FFh, 05h,  02h,
     FFFF00FFFF
     FF08FF0502
     FF
0114 FFFFFFFFFF         86             DB 0FFh, 0FFh, 0FFh, 0FFh, 0FFh, 0FFh, 0FFh, 0FFh, 0FFh, 0FFh, 0FFh, 07h,  0FFh, 04h,  01h,
     FFFFFFFFFF
     FF07FF0401
     FF
0124 FFFFFFFFFF         87             DB 0FFh, 0FFh, 0FFh, 0FFh, 0FFh, 0FFh, 0FFh, 0FFh, 0FFh, 0FFh, 0FFh, 0FFh, 0FFh, 0FFh, 0FFh,
     FFFFFFFFFF
     FFFFFFFFFF
     FF
****WARNING:Missing`END'directive
ASSEMBLY COMPLETE, NO ERRORS FOUND, 1 WARNING


ERROR SUMMARY:
Line 87, WARNING:Missing`END'directive

SYMBOL TABLE:
??MCU_8051_IDE . . . . . . . . . . .  N  NUMB  8051H  NOT USED
??VERSION. . . . . . . . . . . . . .  N  NUMB  0149H  NOT USED
AC . . . . . . . . . . . . . . . . .  B  ADDR  00D6H  NOT USED
ACC. . . . . . . . . . . . . . . . .  D  ADDR  00E0H  NOT USED
ACSR . . . . . . . . . . . . . . . .  D  ADDR  0097H  NOT USED
ADCF . . . . . . . . . . . . . . . .  D  ADDR  00F6H  NOT USED
ADCLK. . . . . . . . . . . . . . . .  D  ADDR  00F2H  NOT USED
ADCON. . . . . . . . . . . . . . . .  D  ADDR  00F3H  NOT USED
ADDH . . . . . . . . . . . . . . . .  D  ADDR  00F5H  NOT USED
ADDL . . . . . . . . . . . . . . . .  D  ADDR  00F4H  NOT USED
AUXR . . . . . . . . . . . . . . . .  D  ADDR  008EH  NOT USED
AUXR1. . . . . . . . . . . . . . . .  D  ADDR  00A2H  NOT USED
B. . . . . . . . . . . . . . . . . .  D  ADDR  00F0H  NOT USED
BDRCON . . . . . . . . . . . . . . .  D  ADDR  009BH  NOT USED
BDRCON_1 . . . . . . . . . . . . . .  D  ADDR  009CH  NOT USED
BRL. . . . . . . . . . . . . . . . .  D  ADDR  009AH  NOT USED
CCAP0H . . . . . . . . . . . . . . .  D  ADDR  00FAH  NOT USED
CCAP0L . . . . . . . . . . . . . . .  D  ADDR  00EAH  NOT USED
CCAP1H . . . . . . . . . . . . . . .  D  ADDR  00FBH  NOT USED
CCAP1L . . . . . . . . . . . . . . .  D  ADDR  00EBH  NOT USED
CCAP2H . . . . . . . . . . . . . . .  D  ADDR  00FCH  NOT USED
CCAP3H . . . . . . . . . . . . . . .  D  ADDR  00FDH  NOT USED
CCAP4H . . . . . . . . . . . . . . .  D  ADDR  00FEH  NOT USED
CCAPL2H. . . . . . . . . . . . . . .  D  ADDR  00FCH  NOT USED
CCAPL2L. . . . . . . . . . . . . . .  D  ADDR  00ECH  NOT USED
CCAPL3H. . . . . . . . . . . . . . .  D  ADDR  00FDH  NOT USED
CCAPL3L. . . . . . . . . . . . . . .  D  ADDR  00EDH  NOT USED
CCAPL4H. . . . . . . . . . . . . . .  D  ADDR  00FEH  NOT USED
CCAPL4L. . . . . . . . . . . . . . .  D  ADDR  00EEH  NOT USED
CCAPM0 . . . . . . . . . . . . . . .  D  ADDR  00DAH  NOT USED
CCAPM1 . . . . . . . . . . . . . . .  D  ADDR  00DBH  NOT USED
CCAPM2 . . . . . . . . . . . . . . .  D  ADDR  00DCH  NOT USED
CCAPM3 . . . . . . . . . . . . . . .  D  ADDR  00DDH  NOT USED
CCAPM4 . . . . . . . . . . . . . . .  D  ADDR  00DEH  NOT USED
CCF0 . . . . . . . . . . . . . . . .  B  ADDR  00D8H  NOT USED
CCF1 . . . . . . . . . . . . . . . .  B  ADDR  00D9H  NOT USED
CCF2 . . . . . . . . . . . . . . . .  B  ADDR  00DAH  NOT USED
CCF3 . . . . . . . . . . . . . . . .  B  ADDR  00DBH  NOT USED
CCF4 . . . . . . . . . . . . . . . .  B  ADDR  00DCH  NOT USED
CCON . . . . . . . . . . . . . . . .  D  ADDR  00D8H  NOT USED
CFINT. . . . . . . . . . . . . . . .  C  ADDR  0033H  NOT USED
CH . . . . . . . . . . . . . . . . .  D  ADDR  00F9H  NOT USED
CKCON. . . . . . . . . . . . . . . .  D  ADDR  008FH  NOT USED
CKCON0 . . . . . . . . . . . . . . .  D  ADDR  008FH  NOT USED
CKRL . . . . . . . . . . . . . . . .  D  ADDR  0097H  NOT USED
CKSEL. . . . . . . . . . . . . . . .  D  ADDR  0085H  NOT USED
CL . . . . . . . . . . . . . . . . .  D  ADDR  00E9H  NOT USED
CLKREG . . . . . . . . . . . . . . .  D  ADDR  008FH  NOT USED
CMOD . . . . . . . . . . . . . . . .  D  ADDR  00D9H  NOT USED
CPRL2. . . . . . . . . . . . . . . .  B  ADDR  00C8H  NOT USED
CR . . . . . . . . . . . . . . . . .  B  ADDR  00DEH  NOT USED
CT2. . . . . . . . . . . . . . . . .  B  ADDR  00C9H  NOT USED
CY . . . . . . . . . . . . . . . . .  B  ADDR  00D7H  NOT USED
DP0H . . . . . . . . . . . . . . . .  D  ADDR  0083H  NOT USED
DP0L . . . . . . . . . . . . . . . .  D  ADDR  0082H  NOT USED
DP1H . . . . . . . . . . . . . . . .  D  ADDR  0085H  NOT USED
DP1L . . . . . . . . . . . . . . . .  D  ADDR  0084H  NOT USED
DPH. . . . . . . . . . . . . . . . .  D  ADDR  0083H  NOT USED
DPL. . . . . . . . . . . . . . . . .  D  ADDR  0082H  NOT USED
EA . . . . . . . . . . . . . . . . .  B  ADDR  00AFH  NOT USED
EC . . . . . . . . . . . . . . . . .  B  ADDR  00AEH  NOT USED
EECON. . . . . . . . . . . . . . . .  D  ADDR  0096H  NOT USED
ES . . . . . . . . . . . . . . . . .  B  ADDR  00ACH  NOT USED
ET0. . . . . . . . . . . . . . . . .  B  ADDR  00A9H  NOT USED
ET1. . . . . . . . . . . . . . . . .  B  ADDR  00ABH  NOT USED
ET2. . . . . . . . . . . . . . . . .  B  ADDR  00ADH  NOT USED
EX0. . . . . . . . . . . . . . . . .  B  ADDR  00A8H  NOT USED
EX1. . . . . . . . . . . . . . . . .  B  ADDR  00AAH  NOT USED
EXEN2. . . . . . . . . . . . . . . .  B  ADDR  00CBH  NOT USED
EXF2 . . . . . . . . . . . . . . . .  B  ADDR  00CEH  NOT USED
EXTI0. . . . . . . . . . . . . . . .  C  ADDR  0003H  NOT USED
EXTI1. . . . . . . . . . . . . . . .  C  ADDR  0013H  NOT USED
F0 . . . . . . . . . . . . . . . . .  B  ADDR  00D5H  NOT USED
FE . . . . . . . . . . . . . . . . .  B  ADDR  009FH  NOT USED
I. . . . . . . . . . . . . . . . . .  N  NUMB  0023H
IE . . . . . . . . . . . . . . . . .  D  ADDR  00A8H  NOT USED
IE0. . . . . . . . . . . . . . . . .  B  ADDR  0089H  NOT USED
IE1. . . . . . . . . . . . . . . . .  B  ADDR  008BH  NOT USED
INIT_KEYPAD. . . . . . . . . . . . .  C  ADDR  0000H  NOT USED
INT0 . . . . . . . . . . . . . . . .  B  ADDR  00B2H  NOT USED
INT1 . . . . . . . . . . . . . . . .  B  ADDR  00B3H  NOT USED
IP . . . . . . . . . . . . . . . . .  D  ADDR  00B8H  NOT USED
IPH. . . . . . . . . . . . . . . . .  D  ADDR  00B7H  NOT USED
IPH0 . . . . . . . . . . . . . . . .  D  ADDR  00B7H  NOT USED
IPH1 . . . . . . . . . . . . . . . .  D  ADDR  00B3H  NOT USED
IPL0 . . . . . . . . . . . . . . . .  D  ADDR  00B8H  NOT USED
IPL1 . . . . . . . . . . . . . . . .  D  ADDR  00B2H  NOT USED
IT0. . . . . . . . . . . . . . . . .  B  ADDR  0088H  NOT USED
IT1. . . . . . . . . . . . . . . . .  B  ADDR  008AH  NOT USED
KBE. . . . . . . . . . . . . . . . .  D  ADDR  009DH  NOT USED
KBF. . . . . . . . . . . . . . . . .  D  ADDR  009EH  NOT USED
KBLS . . . . . . . . . . . . . . . .  D  ADDR  009CH  NOT USED
KEYPAD_LINE_LOOP . . . . . . . . . .  C  ADDR  000DH
KEYPAD_MAP_VALUE . . . . . . . . . .  C  ADDR  0024H
KEYPAD_RETURN. . . . . . . . . . . .  C  ADDR  002EH
LAST . . . . . . . . . . . . . . . .  N  NUMB  0021H
MAP_TABLE. . . . . . . . . . . . . .  C  ADDR  0034H
MAP_VALUE. . . . . . . . . . . . . .  C  ADDR  002FH
MASK . . . . . . . . . . . . . . . .  N  NUMB  0022H
OSCCON . . . . . . . . . . . . . . .  D  ADDR  0086H  NOT USED
OV . . . . . . . . . . . . . . . . .  B  ADDR  00D2H  NOT USED
P. . . . . . . . . . . . . . . . . .  B  ADDR  00D0H  NOT USED
P0 . . . . . . . . . . . . . . . . .  D  ADDR  0080H  NOT USED
P1 . . . . . . . . . . . . . . . . .  D  ADDR  0090H
P1M1 . . . . . . . . . . . . . . . .  D  ADDR  00D4H  NOT USED
P1M2 . . . . . . . . . . . . . . . .  D  ADDR  00E2H  NOT USED
P2 . . . . . . . . . . . . . . . . .  D  ADDR  00A0H  NOT USED
P3 . . . . . . . . . . . . . . . . .  D  ADDR  00B0H  NOT USED
P3M1 . . . . . . . . . . . . . . . .  D  ADDR  00D5H  NOT USED
P3M2 . . . . . . . . . . . . . . . .  D  ADDR  00E3H  NOT USED
P4 . . . . . . . . . . . . . . . . .  D  ADDR  00C0H  NOT USED
P4M1 . . . . . . . . . . . . . . . .  D  ADDR  00D6H  NOT USED
P4M2 . . . . . . . . . . . . . . . .  D  ADDR  00E4H  NOT USED
P5 . . . . . . . . . . . . . . . . .  D  ADDR  00E8H  NOT USED
PC . . . . . . . . . . . . . . . . .  B  ADDR  00BEH  NOT USED
PCON . . . . . . . . . . . . . . . .  D  ADDR  0087H  NOT USED
PPCL . . . . . . . . . . . . . . . .  B  ADDR  00BEH  NOT USED
PS . . . . . . . . . . . . . . . . .  B  ADDR  00BCH  NOT USED
PSL. . . . . . . . . . . . . . . . .  B  ADDR  00BCH  NOT USED
PSW. . . . . . . . . . . . . . . . .  D  ADDR  00D0H  NOT USED
PT0. . . . . . . . . . . . . . . . .  B  ADDR  00B9H  NOT USED
PT0L . . . . . . . . . . . . . . . .  B  ADDR  00B9H  NOT USED
PT1. . . . . . . . . . . . . . . . .  B  ADDR  00BBH  NOT USED
PT1L . . . . . . . . . . . . . . . .  B  ADDR  00BBH  NOT USED
PT2. . . . . . . . . . . . . . . . .  B  ADDR  00BDH  NOT USED
PT2L . . . . . . . . . . . . . . . .  B  ADDR  00BDH  NOT USED
PX0. . . . . . . . . . . . . . . . .  B  ADDR  00B8H  NOT USED
PX0L . . . . . . . . . . . . . . . .  B  ADDR  00B8H  NOT USED
PX1. . . . . . . . . . . . . . . . .  B  ADDR  00BAH  NOT USED
PX1L . . . . . . . . . . . . . . . .  B  ADDR  00BAH  NOT USED
RB8. . . . . . . . . . . . . . . . .  B  ADDR  009AH  NOT USED
RCAP2H . . . . . . . . . . . . . . .  D  ADDR  00CBH  NOT USED
RCAP2L . . . . . . . . . . . . . . .  D  ADDR  00CAH  NOT USED
RCLK . . . . . . . . . . . . . . . .  B  ADDR  00CDH  NOT USED
RD . . . . . . . . . . . . . . . . .  B  ADDR  00B7H  NOT USED
READ_KEYPAD. . . . . . . . . . . . .  C  ADDR  0004H
REN. . . . . . . . . . . . . . . . .  B  ADDR  009CH  NOT USED
RESET. . . . . . . . . . . . . . . .  C  ADDR  0000H  NOT USED
RI . . . . . . . . . . . . . . . . .  B  ADDR  0098H  NOT USED
RS0. . . . . . . . . . . . . . . . .  B  ADDR  00D3H  NOT USED
RS1. . . . . . . . . . . . . . . . .  B  ADDR  00D4H  NOT USED
RXD. . . . . . . . . . . . . . . . .  B  ADDR  00B0H  NOT USED
SADDR. . . . . . . . . . . . . . . .  D  ADDR  00A9H  NOT USED
SADDR_0. . . . . . . . . . . . . . .  D  ADDR  00A9H  NOT USED
SADDR_1. . . . . . . . . . . . . . .  D  ADDR  00AAH  NOT USED
SADEN. . . . . . . . . . . . . . . .  D  ADDR  00B9H  NOT USED
SADEN_0. . . . . . . . . . . . . . .  D  ADDR  00B9H  NOT USED
SADEN_1. . . . . . . . . . . . . . .  D  ADDR  00BAH  NOT USED
SBUF . . . . . . . . . . . . . . . .  D  ADDR  0099H  NOT USED
SCON . . . . . . . . . . . . . . . .  D  ADDR  0098H  NOT USED
SINT . . . . . . . . . . . . . . . .  C  ADDR  0023H  NOT USED
SM0. . . . . . . . . . . . . . . . .  B  ADDR  009FH  NOT USED
SM1. . . . . . . . . . . . . . . . .  B  ADDR  009EH  NOT USED
SM2. . . . . . . . . . . . . . . . .  B  ADDR  009DH  NOT USED
SP . . . . . . . . . . . . . . . . .  D  ADDR  0081H  NOT USED
SPCON. . . . . . . . . . . . . . . .  D  ADDR  00C3H  NOT USED
SPCR . . . . . . . . . . . . . . . .  D  ADDR  00D5H  NOT USED
SPDAT. . . . . . . . . . . . . . . .  D  ADDR  00C5H  NOT USED
SPDR . . . . . . . . . . . . . . . .  D  ADDR  0086H  NOT USED
SPSR . . . . . . . . . . . . . . . .  D  ADDR  00AAH  NOT USED
SPSTA. . . . . . . . . . . . . . . .  D  ADDR  00C4H  NOT USED
T0 . . . . . . . . . . . . . . . . .  B  ADDR  00B4H  NOT USED
T1 . . . . . . . . . . . . . . . . .  B  ADDR  00B5H  NOT USED
T2CON. . . . . . . . . . . . . . . .  D  ADDR  00C8H  NOT USED
T2MOD. . . . . . . . . . . . . . . .  D  ADDR  00C9H  NOT USED
TB8. . . . . . . . . . . . . . . . .  B  ADDR  009BH  NOT USED
TCLK . . . . . . . . . . . . . . . .  B  ADDR  00CCH  NOT USED
TCON . . . . . . . . . . . . . . . .  D  ADDR  0088H  NOT USED
TF0. . . . . . . . . . . . . . . . .  B  ADDR  008DH  NOT USED
TF1. . . . . . . . . . . . . . . . .  B  ADDR  008FH  NOT USED
TF2. . . . . . . . . . . . . . . . .  B  ADDR  00CFH  NOT USED
TH0. . . . . . . . . . . . . . . . .  D  ADDR  008CH  NOT USED
TH1. . . . . . . . . . . . . . . . .  D  ADDR  008DH  NOT USED
TH2. . . . . . . . . . . . . . . . .  D  ADDR  00CDH  NOT USED
TI . . . . . . . . . . . . . . . . .  B  ADDR  0099H  NOT USED
TIMER0 . . . . . . . . . . . . . . .  C  ADDR  000BH  NOT USED
TIMER1 . . . . . . . . . . . . . . .  C  ADDR  001BH  NOT USED
TIMER2 . . . . . . . . . . . . . . .  C  ADDR  002BH  NOT USED
TL0. . . . . . . . . . . . . . . . .  D  ADDR  008AH  NOT USED
TL1. . . . . . . . . . . . . . . . .  D  ADDR  008BH  NOT USED
TL2. . . . . . . . . . . . . . . . .  D  ADDR  00CCH  NOT USED
TMOD . . . . . . . . . . . . . . . .  D  ADDR  0089H  NOT USED
TR0. . . . . . . . . . . . . . . . .  B  ADDR  008CH  NOT USED
TR1. . . . . . . . . . . . . . . . .  B  ADDR  008EH  NOT USED
TR2. . . . . . . . . . . . . . . . .  B  ADDR  00CAH  NOT USED
TXD. . . . . . . . . . . . . . . . .  B  ADDR  00B1H  NOT USED
WDTCON . . . . . . . . . . . . . . .  D  ADDR  00A7H  NOT USED
WDTPRG . . . . . . . . . . . . . . .  D  ADDR  00A7H  NOT USED
WDTRST . . . . . . . . . . . . . . .  D  ADDR  00A6H  NOT USED
WR . . . . . . . . . . . . . . . . .  B  ADDR  00B6H  NOT USED